Using pre-set license
Built from '2021.3/staging' branch; Version is '2021.3.13f1 (9e7d58001ecf) revision 10386776'; Using compiler version '192829333'; Build Type 'Release'
OS: 'Windows 10  (10.0.19043) 64bit Professional' Language: 'pt' Physical Memory: 16348 MB
BatchMode: 1, IsHumanControllingUs: 0, StartBugReporterOnCrash: 0, Is64bit: 1, IsPro: 1

COMMAND LINE ARGUMENTS:
C:\Program Files\Unity\Hub\Editor\2021.3.13f1\Editor\Unity.exe
-adb2
-batchMode
-noUpm
-name
AssetImportWorker1
-projectPath
C:/Users/bewat/Downloads/Game-of-College-main
-logFile
Logs/AssetImportWorker1.log
-srvPort
55822
Successfully changed project path to: C:/Users/bewat/Downloads/Game-of-College-main
C:/Users/bewat/Downloads/Game-of-College-main
[UnityMemory] Configuration Parameters - Can be set up in boot.config
    "memorysetup-bucket-allocator-granularity=16"
    "memorysetup-bucket-allocator-bucket-count=8"
    "memorysetup-bucket-allocator-block-size=33554432"
    "memorysetup-bucket-allocator-block-count=8"
    "memorysetup-main-allocator-block-size=16777216"
    "memorysetup-thread-allocator-block-size=16777216"
    "memorysetup-gfx-main-allocator-block-size=16777216"
    "memorysetup-gfx-thread-allocator-block-size=16777216"
    "memorysetup-cache-allocator-block-size=4194304"
    "memorysetup-typetree-allocator-block-size=2097152"
    "memorysetup-profiler-bucket-allocator-granularity=16"
    "memorysetup-profiler-bucket-allocator-bucket-count=8"
    "memorysetup-profiler-bucket-allocator-block-size=33554432"
    "memorysetup-profiler-bucket-allocator-block-count=8"
    "memorysetup-profiler-allocator-block-size=16777216"
    "memorysetup-profiler-editor-allocator-block-size=1048576"
    "memorysetup-temp-allocator-size-main=16777216"
    "memorysetup-job-temp-allocator-block-size=2097152"
    "memorysetup-job-temp-allocator-block-size-background=1048576"
    "memorysetup-job-temp-allocator-reduction-small-platforms=262144"
    "memorysetup-temp-allocator-size-background-worker=32768"
    "memorysetup-temp-allocator-size-job-worker=262144"
    "memorysetup-temp-allocator-size-preload-manager=33554432"
    "memorysetup-temp-allocator-size-nav-mesh-worker=65536"
    "memorysetup-temp-allocator-size-audio-worker=65536"
    "memorysetup-temp-allocator-size-cloud-worker=32768"
    "memorysetup-temp-allocator-size-gi-baking-worker=262144"
    "memorysetup-temp-allocator-size-gfx=262144"
Refreshing native plugins compatible for Editor in 46.33 ms, found 2 plugins.
Preloading 0 native plugins for Editor in 0.00 ms.
Initialize engine version: 2021.3.13f1 (9e7d58001ecf)
[Subsystems] Discovering subsystems at path C:/Program Files/Unity/Hub/Editor/2021.3.13f1/Editor/Data/Resources/UnitySubsystems
[Subsystems] Discovering subsystems at path C:/Users/bewat/Downloads/Game-of-College-main/Assets
GfxDevice: creating device client; threaded=0; jobified=0
Direct3D:
    Version:  Direct3D 11.0 [level 11.1]
    Renderer: NVIDIA GeForce GTX 1050 Ti (ID=0x1c82)
    Vendor:   NVIDIA
    VRAM:     4018 MB
    Driver:   31.0.15.1694
Initialize mono
Mono path[0] = 'C:/Program Files/Unity/Hub/Editor/2021.3.13f1/Editor/Data/Managed'
Mono path[1] = 'C:/Program Files/Unity/Hub/Editor/2021.3.13f1/Editor/Data/MonoBleedingEdge/lib/mono/unityjit-win32'
Mono config path = 'C:/Program Files/Unity/Hub/Editor/2021.3.13f1/Editor/Data/MonoBleedingEdge/etc'
Using monoOptions --debugger-agent=transport=dt_socket,embedding=1,server=y,suspend=n,address=127.0.0.1:56292
Begin MonoManager ReloadAssembly
Registering precompiled unity dll's ...
Register platform support module: C:/Program Files/Unity/Hub/Editor/2021.3.13f1/Editor/Data/PlaybackEngines/WindowsStandaloneSupport/UnityEditor.WindowsStandalone.Extensions.dll
Registered in 0.025776 seconds.
Native extension for WindowsStandalone target not found
Refreshing native plugins compatible for Editor in 38.74 ms, found 2 plugins.
Preloading 0 native plugins for Editor in 0.00 ms.
Mono: successfully reloaded assembly
- Completed reload, in  0.954 seconds
Domain Reload Profiling:
	ReloadAssembly (1047ms)
		BeginReloadAssembly (198ms)
			ExecutionOrderSort (0ms)
			DisableScriptedObjects (0ms)
			BackupInstance (0ms)
			ReleaseScriptingObjects (0ms)
			CreateAndSetChildDomain (1ms)
		EndReloadAssembly (663ms)
			LoadAssemblies (107ms)
			RebuildTransferFunctionScriptingTraits (0ms)
			SetupTypeCache (158ms)
			ReleaseScriptCaches (0ms)
			RebuildScriptCaches (37ms)
			SetupLoadedEditorAssemblies (384ms)
				LogAssemblyErrors (0ms)
				InitializePlatformSupportModulesInManaged (103ms)
				SetLoadedEditorAssemblies (0ms)
				RefreshPlugins (65ms)
				BeforeProcessingInitializeOnLoad (2ms)
				ProcessInitializeOnLoadAttributes (147ms)
				ProcessInitializeOnLoadMethodAttributes (67ms)
				AfterProcessingInitializeOnLoad (0ms)
				EditorAssembliesLoaded (0ms)
			ExecutionOrderSort2 (0ms)
			AwakeInstancesAfterBackupRestoration (0ms)
Platform modules already initialized, skipping
Registering precompiled user dll's ...
Registered in 0.009787 seconds.
Begin MonoManager ReloadAssembly
Native extension for WindowsStandalone target not found
Refreshing native plugins compatible for Editor in 0.41 ms, found 2 plugins.
Preloading 0 native plugins for Editor in 0.00 ms.
Mono: successfully reloaded assembly
- Completed reload, in  1.397 seconds
Domain Reload Profiling:
	ReloadAssembly (1480ms)
		BeginReloadAssembly (234ms)
			ExecutionOrderSort (0ms)
			DisableScriptedObjects (8ms)
			BackupInstance (0ms)
			ReleaseScriptingObjects (0ms)
			CreateAndSetChildDomain (25ms)
		EndReloadAssembly (1062ms)
			LoadAssemblies (105ms)
			RebuildTransferFunctionScriptingTraits (0ms)
			SetupTypeCache (253ms)
			ReleaseScriptCaches (0ms)
			RebuildScriptCaches (53ms)
			SetupLoadedEditorAssemblies (476ms)
				LogAssemblyErrors (0ms)
				InitializePlatformSupportModulesInManaged (38ms)
				SetLoadedEditorAssemblies (1ms)
				RefreshPlugins (49ms)
				BeforeProcessingInitializeOnLoad (85ms)
				ProcessInitializeOnLoadAttributes (246ms)
				ProcessInitializeOnLoadMethodAttributes (40ms)
				AfterProcessingInitializeOnLoad (19ms)
				EditorAssembliesLoaded (0ms)
			ExecutionOrderSort2 (0ms)
			AwakeInstancesAfterBackupRestoration (13ms)
Platform modules already initialized, skipping
========================================================================
Worker process is ready to serve import requests
Launched and connected shader compiler UnityShaderCompiler.exe after 0.10 seconds
Refreshing native plugins compatible for Editor in 0.39 ms, found 2 plugins.
Preloading 0 native plugins for Editor in 0.00 ms.
Unloading 1763 Unused Serialized files (Serialized files now loaded: 0)
Unloading 19 unused Assets / (56.7 KB). Loaded Objects now: 2226.
Memory consumption went from 76.2 MB to 76.2 MB.
Total: 3.356600 ms (FindLiveObjects: 0.179700 ms CreateObjectMapping: 0.166400 ms MarkObjects: 2.909200 ms  DeleteObjects: 0.099900 ms)

AssetImportParameters requested are different than current active one (requested -> active):
  custom:video-decoder-ogg-theora: a1e56fd34408186e4bbccfd4996cb3dc -> 
  custom:container-muxer-webm: aa71ff27fc2769a1b78a27578f13a17b -> 
  custom:container-demuxer-webm: 4f35f7cbe854078d1ac9338744f61a02 -> 
  custom:video-encoder-webm-vp8: eb34c28f22e8b96e1ab97ce403110664 -> 
  custom:audio-encoder-webm-vorbis: bf7c407c2cedff20999df2af8eb42d56 -> 
  custom:framework-win-MediaFoundation: 216162199b28c13a410421893ffa2e32 -> 
  custom:container-demuxer-ogg: 62fdf1f143b41e24485cea50d1cbac27 -> 
  custom:video-decoder-webm-vp8: 9c59270c3fd7afecdb556c50c9e8de78 -> 
  custom:audio-decoder-ogg-vorbis: bf7c407c2cedff20999df2af8eb42d56 -> 
========================================================================
Received Import Request.
  Time since last request: 4737.873307 seconds.
  path: Assets/Animações/frames barbaros certos_64x64.png
  artifactKey: Guid(7f1863e394dfbbc4ea739f0fb612ab23) Importer(815301076,1909f56bfc062723c751e8b465ee728b)
Start importing Assets/Animações/frames barbaros certos_64x64.png using Guid(7f1863e394dfbbc4ea739f0fb612ab23) Importer(815301076,1909f56bfc062723c751e8b465ee728b)  -> (artifact id: '3ce6da69066f2850ca3715b4cce1a81f') in 0.299757 seconds 
========================================================================
Received Import Request.
  Time since last request: 0.273820 seconds.
  path: Assets/Fonts/FontPixArt.ttf
  artifactKey: Guid(6ee455897a1df114db6047a1bd5f6c10) Importer(815301076,1909f56bfc062723c751e8b465ee728b)
Start importing Assets/Fonts/FontPixArt.ttf using Guid(6ee455897a1df114db6047a1bd5f6c10) Importer(815301076,1909f56bfc062723c751e8b465ee728b)  -> (artifact id: '4a4f915f00cba4300420069c8e214066') in 0.487410 seconds 
========================================================================
Received Import Request.
  Time since last request: 0.180173 seconds.
  path: Assets/Imagens/Background_Menu.jpg
  artifactKey: Guid(0596016f0c45d114e84b4ba09256a4db) Importer(815301076,1909f56bfc062723c751e8b465ee728b)
Start importing Assets/Imagens/Background_Menu.jpg using Guid(0596016f0c45d114e84b4ba09256a4db) Importer(815301076,1909f56bfc062723c751e8b465ee728b)  -> (artifact id: '55d90b8692532f9dcf9c779702323c6a') in 0.497716 seconds 
========================================================================
Received Import Request.
  Time since last request: 0.000029 seconds.
  path: Assets/Imagens/icone.png
  artifactKey: Guid(9fdd356bcbf78e24cbbe937cfa33a124) Importer(815301076,1909f56bfc062723c751e8b465ee728b)
Start importing Assets/Imagens/icone.png using Guid(9fdd356bcbf78e24cbbe937cfa33a124) Importer(815301076,1909f56bfc062723c751e8b465ee728b)  -> (artifact id: 'fdbf2c33d6d369a31ecfefb45536e663') in 0.535276 seconds 
========================================================================
Received Import Request.
  Time since last request: 0.000312 seconds.
  path: Assets/Imagens/skeleton2.png
  artifactKey: Guid(800d903e8e1f187478f442bc736679f1) Importer(815301076,1909f56bfc062723c751e8b465ee728b)
Start importing Assets/Imagens/skeleton2.png using Guid(800d903e8e1f187478f442bc736679f1) Importer(815301076,1909f56bfc062723c751e8b465ee728b)  -> (artifact id: 'b2a0d42210b49b27a2e3b729aadf847c') in 0.305491 seconds 
========================================================================
Received Import Request.
  Time since last request: 0.000108 seconds.
  path: Assets/Imagens/Logo.png
  artifactKey: Guid(37e8847072d0fd44cb6540678d121f3f) Importer(815301076,1909f56bfc062723c751e8b465ee728b)
Start importing Assets/Imagens/Logo.png using Guid(37e8847072d0fd44cb6540678d121f3f) Importer(815301076,1909f56bfc062723c751e8b465ee728b)  -> (artifact id: '58f628f49d0b424ecb2614d7374d1b10') in 0.334098 seconds 
========================================================================
Received Import Request.
  Time since last request: 0.000037 seconds.
  path: Assets/Imagens/Icone_Logo.jpg
  artifactKey: Guid(f0d645c0b94458443b055c057ab788b6) Importer(815301076,1909f56bfc062723c751e8b465ee728b)
Start importing Assets/Imagens/Icone_Logo.jpg using Guid(f0d645c0b94458443b055c057ab788b6) Importer(815301076,1909f56bfc062723c751e8b465ee728b)  -> (artifact id: '46c999f9b75d13c80f7bc34f6e659dc3') in 0.360771 seconds 
========================================================================
Received Import Request.
  Time since last request: 0.000038 seconds.
  path: Assets/Imagens/skeleton3.png
  artifactKey: Guid(3971d5504b6b09d428eb2f48f41d101b) Importer(815301076,1909f56bfc062723c751e8b465ee728b)
Start importing Assets/Imagens/skeleton3.png using Guid(3971d5504b6b09d428eb2f48f41d101b) Importer(815301076,1909f56bfc062723c751e8b465ee728b)  -> (artifact id: '4c94f83c050c90751416ebf730e88d59') in 0.326789 seconds 
========================================================================
Received Import Request.
  Time since last request: 0.000029 seconds.
  path: Assets/Imagens/skweleton4.png
  artifactKey: Guid(4ed0747c189124243a13a59cde33c8ea) Importer(815301076,1909f56bfc062723c751e8b465ee728b)
Start importing Assets/Imagens/skweleton4.png using Guid(4ed0747c189124243a13a59cde33c8ea) Importer(815301076,1909f56bfc062723c751e8b465ee728b)  -> (artifact id: 'a03ed9a6b6054a4e68d87d3c4c5bae1e') in 0.100797 seconds 
========================================================================
Received Import Request.
  Time since last request: 12.061604 seconds.
  path: Assets/Sprites/Esqueleto.png
  artifactKey: Guid(eea91bf04348dc44fbd4dfdd3aa4aad2) Importer(815301076,1909f56bfc062723c751e8b465ee728b)
Start importing Assets/Sprites/Esqueleto.png using Guid(eea91bf04348dc44fbd4dfdd3aa4aad2) Importer(815301076,1909f56bfc062723c751e8b465ee728b)  -> (artifact id: '61c64130a0000176ca49c9fa2b96b9d7') in 0.031720 seconds 
========================================================================
Received Import Request.
  Time since last request: 0.000021 seconds.
  path: Assets/Sprites/Fundo_teste_maior 1440x720_melhor (1).png
  artifactKey: Guid(bdb618996a4c954438f7b1297b781299) Importer(815301076,1909f56bfc062723c751e8b465ee728b)
Start importing Assets/Sprites/Fundo_teste_maior 1440x720_melhor (1).png using Guid(bdb618996a4c954438f7b1297b781299) Importer(815301076,1909f56bfc062723c751e8b465ee728b)  -> (artifact id: '1fd096bf82fd15a7074141772f629ea9') in 0.130971 seconds 
========================================================================
Received Import Request.
  Time since last request: 0.000024 seconds.
  path: Assets/Sprites/PanielDialogo.png
  artifactKey: Guid(8bd9c684d5d32c4438a46c2464b6222b) Importer(815301076,1909f56bfc062723c751e8b465ee728b)
Start importing Assets/Sprites/PanielDialogo.png using Guid(8bd9c684d5d32c4438a46c2464b6222b) Importer(815301076,1909f56bfc062723c751e8b465ee728b)  -> (artifact id: '9c7f0e47db684385de6737154e81d3a6') in 0.199842 seconds 
========================================================================
Received Import Request.
  Time since last request: 0.001582 seconds.
  path: Assets/Sprites/paladino3.png
  artifactKey: Guid(4389554b9e7394d4596c696029fb2b30) Importer(815301076,1909f56bfc062723c751e8b465ee728b)
Start importing Assets/Sprites/paladino3.png using Guid(4389554b9e7394d4596c696029fb2b30) Importer(815301076,1909f56bfc062723c751e8b465ee728b)  -> (artifact id: 'd6d9ec3ae2b6a522335ba38530315a57') in 0.087203 seconds 
Editor requested this worker to shutdown with reason: Scaling down because of idle timeout
AssetImportWorker is now disconnected from the server
Process exiting
Exiting without the bug reporter. Application will terminate with return code 0