Using pre-set license
Built from '2021.3/staging' branch; Version is '2021.3.13f1 (9e7d58001ecf) revision 10386776'; Using compiler version '192829333'; Build Type 'Release'
OS: 'Windows 10  (10.0.19043) 64bit Professional' Language: 'pt' Physical Memory: 16348 MB
BatchMode: 1, IsHumanControllingUs: 0, StartBugReporterOnCrash: 0, Is64bit: 1, IsPro: 1

COMMAND LINE ARGUMENTS:
C:\Program Files\Unity\Hub\Editor\2021.3.13f1\Editor\Unity.exe
-adb2
-batchMode
-noUpm
-name
AssetImportWorker0
-projectPath
C:/Users/bewat/Downloads/Game-of-College-main
-logFile
Logs/AssetImportWorker0.log
-srvPort
55822
Successfully changed project path to: C:/Users/bewat/Downloads/Game-of-College-main
C:/Users/bewat/Downloads/Game-of-College-main
[UnityMemory] Configuration Parameters - Can be set up in boot.config
    "memorysetup-bucket-allocator-granularity=16"
    "memorysetup-bucket-allocator-bucket-count=8"
    "memorysetup-bucket-allocator-block-size=33554432"
    "memorysetup-bucket-allocator-block-count=8"
    "memorysetup-main-allocator-block-size=16777216"
    "memorysetup-thread-allocator-block-size=16777216"
    "memorysetup-gfx-main-allocator-block-size=16777216"
    "memorysetup-gfx-thread-allocator-block-size=16777216"
    "memorysetup-cache-allocator-block-size=4194304"
    "memorysetup-typetree-allocator-block-size=2097152"
    "memorysetup-profiler-bucket-allocator-granularity=16"
    "memorysetup-profiler-bucket-allocator-bucket-count=8"
    "memorysetup-profiler-bucket-allocator-block-size=33554432"
    "memorysetup-profiler-bucket-allocator-block-count=8"
    "memorysetup-profiler-allocator-block-size=16777216"
    "memorysetup-profiler-editor-allocator-block-size=1048576"
    "memorysetup-temp-allocator-size-main=16777216"
    "memorysetup-job-temp-allocator-block-size=2097152"
    "memorysetup-job-temp-allocator-block-size-background=1048576"
    "memorysetup-job-temp-allocator-reduction-small-platforms=262144"
    "memorysetup-temp-allocator-size-background-worker=32768"
    "memorysetup-temp-allocator-size-job-worker=262144"
    "memorysetup-temp-allocator-size-preload-manager=33554432"
    "memorysetup-temp-allocator-size-nav-mesh-worker=65536"
    "memorysetup-temp-allocator-size-audio-worker=65536"
    "memorysetup-temp-allocator-size-cloud-worker=32768"
    "memorysetup-temp-allocator-size-gi-baking-worker=262144"
    "memorysetup-temp-allocator-size-gfx=262144"
Refreshing native plugins compatible for Editor in 46.09 ms, found 2 plugins.
Preloading 0 native plugins for Editor in 0.00 ms.
Initialize engine version: 2021.3.13f1 (9e7d58001ecf)
[Subsystems] Discovering subsystems at path C:/Program Files/Unity/Hub/Editor/2021.3.13f1/Editor/Data/Resources/UnitySubsystems
[Subsystems] Discovering subsystems at path C:/Users/bewat/Downloads/Game-of-College-main/Assets
GfxDevice: creating device client; threaded=0; jobified=0
Direct3D:
    Version:  Direct3D 11.0 [level 11.1]
    Renderer: NVIDIA GeForce GTX 1050 Ti (ID=0x1c82)
    Vendor:   NVIDIA
    VRAM:     4018 MB
    Driver:   31.0.15.1694
Initialize mono
Mono path[0] = 'C:/Program Files/Unity/Hub/Editor/2021.3.13f1/Editor/Data/Managed'
Mono path[1] = 'C:/Program Files/Unity/Hub/Editor/2021.3.13f1/Editor/Data/MonoBleedingEdge/lib/mono/unityjit-win32'
Mono config path = 'C:/Program Files/Unity/Hub/Editor/2021.3.13f1/Editor/Data/MonoBleedingEdge/etc'
Using monoOptions --debugger-agent=transport=dt_socket,embedding=1,server=y,suspend=n,address=127.0.0.1:56340
Begin MonoManager ReloadAssembly
Registering precompiled unity dll's ...
Register platform support module: C:/Program Files/Unity/Hub/Editor/2021.3.13f1/Editor/Data/PlaybackEngines/WindowsStandaloneSupport/UnityEditor.WindowsStandalone.Extensions.dll
Registered in 0.033618 seconds.
Native extension for WindowsStandalone target not found
Refreshing native plugins compatible for Editor in 40.78 ms, found 2 plugins.
Preloading 0 native plugins for Editor in 0.00 ms.
Mono: successfully reloaded assembly
- Completed reload, in  1.033 seconds
Domain Reload Profiling:
	ReloadAssembly (1089ms)
		BeginReloadAssembly (122ms)
			ExecutionOrderSort (0ms)
			DisableScriptedObjects (0ms)
			BackupInstance (0ms)
			ReleaseScriptingObjects (0ms)
			CreateAndSetChildDomain (1ms)
		EndReloadAssembly (765ms)
			LoadAssemblies (104ms)
			RebuildTransferFunctionScriptingTraits (0ms)
			SetupTypeCache (140ms)
			ReleaseScriptCaches (0ms)
			RebuildScriptCaches (38ms)
			SetupLoadedEditorAssemblies (343ms)
				LogAssemblyErrors (0ms)
				InitializePlatformSupportModulesInManaged (35ms)
				SetLoadedEditorAssemblies (0ms)
				RefreshPlugins (59ms)
				BeforeProcessingInitializeOnLoad (1ms)
				ProcessInitializeOnLoadAttributes (159ms)
				ProcessInitializeOnLoadMethodAttributes (87ms)
				AfterProcessingInitializeOnLoad (0ms)
				EditorAssembliesLoaded (0ms)
			ExecutionOrderSort2 (0ms)
			AwakeInstancesAfterBackupRestoration (0ms)
Platform modules already initialized, skipping
Registering precompiled user dll's ...
Registered in 0.009562 seconds.
Begin MonoManager ReloadAssembly
Native extension for WindowsStandalone target not found
Refreshing native plugins compatible for Editor in 0.44 ms, found 2 plugins.
Preloading 0 native plugins for Editor in 0.00 ms.
Mono: successfully reloaded assembly
- Completed reload, in  1.232 seconds
Domain Reload Profiling:
	ReloadAssembly (1330ms)
		BeginReloadAssembly (253ms)
			ExecutionOrderSort (0ms)
			DisableScriptedObjects (8ms)
			BackupInstance (0ms)
			ReleaseScriptingObjects (0ms)
			CreateAndSetChildDomain (25ms)
		EndReloadAssembly (891ms)
			LoadAssemblies (116ms)
			RebuildTransferFunctionScriptingTraits (0ms)
			SetupTypeCache (246ms)
			ReleaseScriptCaches (0ms)
			RebuildScriptCaches (59ms)
			SetupLoadedEditorAssemblies (408ms)
				LogAssemblyErrors (0ms)
				InitializePlatformSupportModulesInManaged (21ms)
				SetLoadedEditorAssemblies (1ms)
				RefreshPlugins (2ms)
				BeforeProcessingInitializeOnLoad (78ms)
				ProcessInitializeOnLoadAttributes (249ms)
				ProcessInitializeOnLoadMethodAttributes (38ms)
				AfterProcessingInitializeOnLoad (19ms)
				EditorAssembliesLoaded (0ms)
			ExecutionOrderSort2 (0ms)
			AwakeInstancesAfterBackupRestoration (11ms)
Platform modules already initialized, skipping
========================================================================
Worker process is ready to serve import requests
Launched and connected shader compiler UnityShaderCompiler.exe after 0.29 seconds
Refreshing native plugins compatible for Editor in 0.41 ms, found 2 plugins.
Preloading 0 native plugins for Editor in 0.00 ms.
Unloading 1763 Unused Serialized files (Serialized files now loaded: 0)
Unloading 19 unused Assets / (56.7 KB). Loaded Objects now: 2226.
Memory consumption went from 76.2 MB to 76.2 MB.
Total: 3.011400 ms (FindLiveObjects: 0.236200 ms CreateObjectMapping: 0.134300 ms MarkObjects: 2.551700 ms  DeleteObjects: 0.087700 ms)

AssetImportParameters requested are different than current active one (requested -> active):
  custom:video-decoder-ogg-theora: a1e56fd34408186e4bbccfd4996cb3dc -> 
  custom:container-muxer-webm: aa71ff27fc2769a1b78a27578f13a17b -> 
  custom:container-demuxer-webm: 4f35f7cbe854078d1ac9338744f61a02 -> 
  custom:video-encoder-webm-vp8: eb34c28f22e8b96e1ab97ce403110664 -> 
  custom:audio-encoder-webm-vorbis: bf7c407c2cedff20999df2af8eb42d56 -> 
  custom:framework-win-MediaFoundation: 216162199b28c13a410421893ffa2e32 -> 
  custom:container-demuxer-ogg: 62fdf1f143b41e24485cea50d1cbac27 -> 
  custom:video-decoder-webm-vp8: 9c59270c3fd7afecdb556c50c9e8de78 -> 
  custom:audio-decoder-ogg-vorbis: bf7c407c2cedff20999df2af8eb42d56 -> 
========================================================================
Received Import Request.
  Time since last request: 4677.598622 seconds.
  path: Assets/Animações
  artifactKey: Guid(e40affbabb6badd4f9c842a0355c8e87) Importer(815301076,1909f56bfc062723c751e8b465ee728b)
Start importing Assets/Animações using Guid(e40affbabb6badd4f9c842a0355c8e87) Importer(815301076,1909f56bfc062723c751e8b465ee728b)  -> (artifact id: '6f641f74fa6a7ee7ebeeffe45f083c9b') in 0.007420 seconds 
========================================================================
Received Import Request.
  Time since last request: 60.262503 seconds.
  path: Assets/Animações/barbaro_idle_grande.png
  artifactKey: Guid(966334ed60046bb48a8cc0e7f615803b) Importer(815301076,1909f56bfc062723c751e8b465ee728b)
Start importing Assets/Animações/barbaro_idle_grande.png using Guid(966334ed60046bb48a8cc0e7f615803b) Importer(815301076,1909f56bfc062723c751e8b465ee728b)  -> (artifact id: '9ba971409b8442959cdd0a064be96b58') in 0.306124 seconds 
========================================================================
Received Import Request.
  Time since last request: 0.293537 seconds.
  path: Assets/Fonts/FontMenu.ttf
  artifactKey: Guid(73991d57db6142c4f83128ba06fe5feb) Importer(815301076,1909f56bfc062723c751e8b465ee728b)
Start importing Assets/Fonts/FontMenu.ttf using Guid(73991d57db6142c4f83128ba06fe5feb) Importer(815301076,1909f56bfc062723c751e8b465ee728b)  -> (artifact id: '2f9c5c86047f1c6ff3e486def175cd83') in 0.488694 seconds 
========================================================================
Received Import Request.
  Time since last request: 0.179448 seconds.
  path: Assets/Imagens/Background_Logo.png
  artifactKey: Guid(90850e44478360349b8438fa403e3d4e) Importer(815301076,1909f56bfc062723c751e8b465ee728b)
Start importing Assets/Imagens/Background_Logo.png using Guid(90850e44478360349b8438fa403e3d4e) Importer(815301076,1909f56bfc062723c751e8b465ee728b)  -> (artifact id: '68194bd37218875c8931afcd6e8401a2') in 0.826033 seconds 
========================================================================
Received Import Request.
  Time since last request: 0.000034 seconds.
  path: Assets/Imagens/Menu_Icone.png
  artifactKey: Guid(e90ca4addd18eb34bb00d91f8a4ea532) Importer(815301076,1909f56bfc062723c751e8b465ee728b)
Start importing Assets/Imagens/Menu_Icone.png using Guid(e90ca4addd18eb34bb00d91f8a4ea532) Importer(815301076,1909f56bfc062723c751e8b465ee728b)  -> (artifact id: 'f790a9252b55bb81b28c9636969d9e10') in 0.210705 seconds 
========================================================================
Received Import Request.
  Time since last request: 0.000050 seconds.
  path: Assets/Imagens/kisspng-dialog-box-video-game-dialogue-clip-art-game-box-5b487bccccddf0.2945552915314769408391.jpg
  artifactKey: Guid(87dbf34fbef5a484c83eee465ae5d6eb) Importer(815301076,1909f56bfc062723c751e8b465ee728b)
Start importing Assets/Imagens/kisspng-dialog-box-video-game-dialogue-clip-art-game-box-5b487bccccddf0.2945552915314769408391.jpg using Guid(87dbf34fbef5a484c83eee465ae5d6eb) Importer(815301076,1909f56bfc062723c751e8b465ee728b)  -> (artifact id: '2eaa01947291ba1d6314e23e764daa0f') in 0.548779 seconds 
========================================================================
Received Import Request.
  Time since last request: 0.000071 seconds.
  path: Assets/Imagens/kisspng-dialog-box-video-game-dialogue-clip-art-game-box-5b487bcd031d52.7402623515314769410128.png
  artifactKey: Guid(b34f24e3225a0dd49b5a0676aff4003e) Importer(815301076,1909f56bfc062723c751e8b465ee728b)
Start importing Assets/Imagens/kisspng-dialog-box-video-game-dialogue-clip-art-game-box-5b487bcd031d52.7402623515314769410128.png using Guid(b34f24e3225a0dd49b5a0676aff4003e) Importer(815301076,1909f56bfc062723c751e8b465ee728b)  -> (artifact id: '34dee4ac4a23c903ed6f6f8b85f8fe33') in 0.440555 seconds 
========================================================================
Received Import Request.
  Time since last request: 0.000037 seconds.
  path: Assets/Imagens/Menu_Button.png
  artifactKey: Guid(d552ba218839ec5428ea0ce005d06699) Importer(815301076,1909f56bfc062723c751e8b465ee728b)
Start importing Assets/Imagens/Menu_Button.png using Guid(d552ba218839ec5428ea0ce005d06699) Importer(815301076,1909f56bfc062723c751e8b465ee728b)  -> (artifact id: '01801609872d8df2a891597ea2afb942') in 0.430051 seconds 
========================================================================
Received Import Request.
  Time since last request: 12.065876 seconds.
  path: Assets/Sprites/barbaro3.png
  artifactKey: Guid(50561a8348881d44b826c2f0fc787686) Importer(815301076,1909f56bfc062723c751e8b465ee728b)
Start importing Assets/Sprites/barbaro3.png using Guid(50561a8348881d44b826c2f0fc787686) Importer(815301076,1909f56bfc062723c751e8b465ee728b)  -> (artifact id: '64b038935400f78c4ad4754681151a90') in 0.033703 seconds 
========================================================================
Received Import Request.
  Time since last request: 0.000025 seconds.
  path: Assets/Sprites/paladino 1.png
  artifactKey: Guid(1d93294c23e6bca429c2d5839820d633) Importer(815301076,1909f56bfc062723c751e8b465ee728b)
Start importing Assets/Sprites/paladino 1.png using Guid(1d93294c23e6bca429c2d5839820d633) Importer(815301076,1909f56bfc062723c751e8b465ee728b)  -> (artifact id: '2be36dca78da1b39f1c0cd3157d2bf46') in 0.181773 seconds 
========================================================================
Received Import Request.
  Time since last request: 0.000025 seconds.
  path: Assets/Sprites/paladino2.png
  artifactKey: Guid(74e70c2dfa9f93a4faa775442adfd4b1) Importer(815301076,1909f56bfc062723c751e8b465ee728b)
Start importing Assets/Sprites/paladino2.png using Guid(74e70c2dfa9f93a4faa775442adfd4b1) Importer(815301076,1909f56bfc062723c751e8b465ee728b)  -> (artifact id: '8a40d3fa0adf806f9a5f638d42eebe66') in 0.172724 seconds 
========================================================================
Received Import Request.
  Time since last request: 0.000034 seconds.
  path: Assets/Sprites/feiticeira3.png
  artifactKey: Guid(a7a52f70823b6404db8788e8614e5cae) Importer(815301076,1909f56bfc062723c751e8b465ee728b)
Start importing Assets/Sprites/feiticeira3.png using Guid(a7a52f70823b6404db8788e8614e5cae) Importer(815301076,1909f56bfc062723c751e8b465ee728b)  -> (artifact id: '25e622363ad69af8060847e934bb3cb4') in 0.063861 seconds 
Editor requested this worker to shutdown with reason: Scaling down because of idle timeout
AssetImportWorkerClient::OnTransportError - code=2 error=End of file
AssetImportWorker is now disconnected from the server
Process exiting
Exiting without the bug reporter. Application will terminate with return code 0